<?xml version="1.0" encoding="UTF-8"?>
<testsuite xmlns:xsi="http://www.w3.org/2001/XMLSchema-instance" xsi:noNamespaceSchemaLocation="https://maven.apache.org/surefire/maven-surefire-plugin/xsd/surefire-test-report.xsd" name="testRunner.TestRunner" time="14.173" tests="4" errors="0" skipped="0" failures="0">
  <properties>
[...]
</properties>
  <testcase name="Iniciar sesion con credenciales validas" classname="Inicio de Sesión del Usuario" time="4.049"/>
  <testcase name="Intento de inicio de sesion con credenciales incorrectas" classname="Inicio de Sesión del Usuario" time="3.314"/>
  <testcase name="Intento de inicio de sesion con valores vacio" classname="Inicio de Sesión del Usuario" time="3.17"/>
  <testcase name="El usuario agenda una cita para la mascota" classname="Agendar Cita Veterinaria" time="3.319"/>
</testsuite>